<?xml version="1.0" encoding="UTF-8"?>
<testng-results ignored="0" total="1" passed="1" failed="0" skipped="0">
  <reporter-output>
  </reporter-output>
  <suite started-at="2022-05-30T14:14:08 IST" name="Suite" finished-at="2022-05-30T14:15:10 IST" duration-ms="62031">
    <groups>
    </groups>
    <test started-at="2022-05-30T14:14:08 IST" name="Test" finished-at="2022-05-30T14:15:10 IST" duration-ms="62031">
      <class name="com.ajio.kidsTest.BookKidsClothsTest">
        <test-method is-config="true" signature="basicMethod()[pri:0, instance:com.ajio.kidsTest.BookKidsClothsTest@73017a80]" started-at="2022-05-30T14:14:08 IST" name="basicMethod" finished-at="2022-05-30T14:14:08 IST" duration-ms="57" status="PASS">
          <reporter-output>
          </reporter-output>
        </test-method> <!-- basicMethod -->
        <test-method is-config="true" signature="beforeclass(java.lang.String,java.lang.String)[pri:0, instance:com.ajio.kidsTest.BookKidsClothsTest@73017a80]" started-at="2022-05-30T14:14:08 IST" name="beforeclass" finished-at="2022-05-30T14:14:27 IST" duration-ms="18452" status="PASS">
          <params>
            <param index="0">
              <value>
                <![CDATA[chrome]]>
              </value>
            </param>
            <param index="1">
              <value>
                <![CDATA[https://www.ajio.com/]]>
              </value>
            </param>
          </params>
          <reporter-output>
          </reporter-output>
        </test-method> <!-- beforeclass -->
        <test-method signature="bookKidsClothsTest()[pri:0, instance:com.ajio.kidsTest.BookKidsClothsTest@73017a80]" started-at="2022-05-30T14:14:27 IST" name="bookKidsClothsTest" finished-at="2022-05-30T14:15:08 IST" duration-ms="40998" status="PASS">
          <reporter-output>
          </reporter-output>
        </test-method> <!-- bookKidsClothsTest -->
        <test-method is-config="true" signature="closeApllication()[pri:0, instance:com.ajio.kidsTest.BookKidsClothsTest@73017a80]" started-at="2022-05-30T14:15:09 IST" name="closeApllication" finished-at="2022-05-30T14:15:10 IST" duration-ms="1662" status="PASS">
          <reporter-output>
          </reporter-output>
        </test-method> <!-- closeApllication -->
      </class> <!-- com.ajio.kidsTest.BookKidsClothsTest -->
    </test> <!-- Test -->
  </suite> <!-- Suite -->
</testng-results>
